<?xml version="1.0" encoding="UTF-8"?>
<!-- Generated by org.testng.reporters.JUnitReportReporter -->
<testsuite hostname="TRANTOR114" name="step_definitions.ProductDetailPageRunnerTest" tests="1" failures="0" timestamp="24 May 2019 10:23:21 GMT" time="454.204" errors="0">
  <testcase name="feature" time="454.204" classname="step_definitions.ProductDetailPageRunnerTest"/>
</testsuite> <!-- step_definitions.ProductDetailPageRunnerTest -->
