<?xml version="1.0" encoding="UTF-8"?>
<!-- Generated by org.testng.reporters.JUnitReportReporter -->
<testsuite hostname="TRANTOR114" name="step_definitions.ProductListRunnerTest" tests="1" failures="0" timestamp="15 May 2019 07:33:28 GMT" time="164.482" errors="0">
  <testcase name="feature" time="164.482" classname="step_definitions.ProductListRunnerTest"/>
</testsuite> <!-- step_definitions.ProductListRunnerTest -->
