<?xml version="1.0" encoding="UTF-8"?>
<!-- Generated by org.testng.reporters.JUnitReportReporter -->
<testsuite hostname="TRANTOR114" name="step_definitions.Spain_PTP_RunnerTest" tests="1" failures="0" timestamp="21 May 2019 12:58:16 GMT" time="92.966" errors="0">
  <testcase name="feature" time="92.966" classname="step_definitions.Spain_PTP_RunnerTest"/>
</testsuite> <!-- step_definitions.Spain_PTP_RunnerTest -->
