<?xml version="1.0" encoding="UTF-8"?>
<!-- Generated by org.testng.reporters.JUnitReportReporter -->
<testsuite hostname="TRANTOR114" name="step_definitions.LoginSignUpRunnerTest" tests="1" failures="0" timestamp="10 May 2019 12:03:30 GMT" time="54.722" errors="0">
  <testcase name="feature" time="54.722" classname="step_definitions.LoginSignUpRunnerTest"/>
</testsuite> <!-- step_definitions.LoginSignUpRunnerTest -->
