<?xml version="1.0" encoding="UTF-8"?>
<!-- Generated by org.testng.reporters.JUnitReportReporter -->
<testsuite hostname="TRANTOR114" name="step_definitions.QuickShopRunnerTest" tests="1" failures="0" timestamp="10 Jun 2019 11:32:18 GMT" time="86.522" errors="0">
  <testcase name="feature" time="86.522" classname="step_definitions.QuickShopRunnerTest"/>
</testsuite> <!-- step_definitions.QuickShopRunnerTest -->
