<?xml version="1.0" encoding="UTF-8"?>
<!-- Generated by org.testng.reporters.JUnitReportReporter -->
<testsuite hostname="TRANTOR114" name="step_definitions.ProductDetailPageRunnerTest" tests="1" failures="0" timestamp="15 May 2019 07:51:39 GMT" time="153.019" errors="0">
  <testcase name="feature" time="153.019" classname="step_definitions.ProductDetailPageRunnerTest"/>
</testsuite> <!-- step_definitions.ProductDetailPageRunnerTest -->
