<?xml version="1.0" encoding="UTF-8"?>
<!-- Generated by org.testng.reporters.JUnitReportReporter -->
<testsuite hostname="TRANTOR114" name="step_definitions.MyAccountRunnerTest" tests="1" failures="0" timestamp="14 May 2019 06:37:16 GMT" time="737.415" errors="0">
  <testcase name="feature" time="737.415" classname="step_definitions.MyAccountRunnerTest"/>
</testsuite> <!-- step_definitions.MyAccountRunnerTest -->
