<?xml version="1.0" encoding="UTF-8"?>
<!-- Generated by org.testng.reporters.JUnitReportReporter -->
<testsuite hostname="TRANTOR114" name="step_definitions.Poland_PTP_RunnerTest" tests="1" failures="0" timestamp="19 Jun 2019 14:05:04 GMT" time="127.571" errors="0">
  <testcase name="feature" time="127.571" classname="step_definitions.Poland_PTP_RunnerTest"/>
</testsuite> <!-- step_definitions.Poland_PTP_RunnerTest -->
