<?xml version="1.0" encoding="UTF-8"?>
<!-- Generated by org.testng.reporters.JUnitReportReporter -->
<testsuite hostname="TRANTOR114" name="step_definitions.PackagingLocationRunnerTest" tests="1" failures="0" timestamp="9 May 2019 13:43:23 GMT" time="185.714" errors="0">
  <testcase name="feature" time="185.714" classname="step_definitions.PackagingLocationRunnerTest"/>
</testsuite> <!-- step_definitions.PackagingLocationRunnerTest -->
