<?xml version="1.0" encoding="UTF-8"?>
<!-- Generated by org.testng.reporters.JUnitReportReporter -->
<testsuite hostname="TRANTOR114" name="step_definitions.QuickShopRunnerTest" tests="1" failures="0" timestamp="24 May 2019 10:43:16 GMT" time="819.318" errors="0">
  <testcase name="feature" time="819.318" classname="step_definitions.QuickShopRunnerTest"/>
</testsuite> <!-- step_definitions.QuickShopRunnerTest -->
