<?xml version="1.0" encoding="UTF-8"?>
<!-- Generated by org.testng.reporters.JUnitReportReporter -->
<testsuite hostname="TRANTOR114" name="step_definitions.FailedScenarios" tests="1" failures="0" timestamp="18 Jun 2019 10:21:37 GMT" time="314.665" errors="0">
  <testcase name="feature" time="314.665" classname="step_definitions.FailedScenarios"/>
</testsuite> <!-- step_definitions.FailedScenarios -->
