<?xml version="1.0" encoding="UTF-8"?>
<!-- Generated by org.testng.reporters.JUnitReportReporter -->
<testsuite hostname="TRANTOR114" name="step_definitions.ForgotPasswordRunnerTest" tests="1" failures="0" timestamp="24 May 2019 09:31:04 GMT" time="190.786" errors="0">
  <testcase name="feature" time="190.786" classname="step_definitions.ForgotPasswordRunnerTest"/>
</testsuite> <!-- step_definitions.ForgotPasswordRunnerTest -->
