<?xml version="1.0" encoding="UTF-8"?>
<!-- Generated by org.testng.reporters.JUnitReportReporter -->
<testsuite hostname="TRANTOR114" name="step_definitions.Italy_PTP_RunnerTest" tests="1" failures="0" timestamp="19 Jun 2019 13:39:38 GMT" time="129.339" errors="0">
  <testcase name="feature" time="129.339" classname="step_definitions.Italy_PTP_RunnerTest"/>
</testsuite> <!-- step_definitions.Italy_PTP_RunnerTest -->
