<?xml version="1.0" encoding="UTF-8"?>
<!-- Generated by org.testng.reporters.JUnitReportReporter -->
<testsuite hostname="TRANTOR114" name="step_definitions.FR_PTP_RunnerTest" tests="1" failures="0" timestamp="19 Jun 2019 10:50:02 GMT" time="141.101" errors="0">
  <testcase name="feature" time="141.101" classname="step_definitions.FR_PTP_RunnerTest"/>
</testsuite> <!-- step_definitions.FR_PTP_RunnerTest -->
