<?xml version="1.0" encoding="UTF-8"?>
<!-- Generated by org.testng.reporters.JUnitReportReporter -->
<testsuite hostname="TRANTOR114" name="step_definitions.ProductListRunnerTest" tests="1" failures="0" timestamp="24 May 2019 10:41:07 GMT" time="724.346" errors="0">
  <testcase name="feature" time="724.346" classname="step_definitions.ProductListRunnerTest"/>
</testsuite> <!-- step_definitions.ProductListRunnerTest -->
