<?xml version="1.0" encoding="UTF-8"?>
<!-- Generated by org.testng.reporters.JUnitReportReporter -->
<testsuite hostname="TRANTOR114" name="step_definitions.ForgotPasswordRunnerTest" tests="1" failures="0" timestamp="14 May 2019 07:15:15 GMT" time="125.259" errors="0">
  <testcase name="feature" time="125.259" classname="step_definitions.ForgotPasswordRunnerTest"/>
</testsuite> <!-- step_definitions.ForgotPasswordRunnerTest -->
