<?xml version="1.0" encoding="UTF-8"?>
<!-- Generated by org.testng.reporters.JUnitReportReporter -->
<testsuite hostname="TRANTOR114" name="step_definitions.HomePageRunnerTest" tests="1" failures="0" timestamp="24 May 2019 10:03:06 GMT" time="1179.856" errors="0">
  <testcase name="feature" time="1179.856" classname="step_definitions.HomePageRunnerTest"/>
</testsuite> <!-- step_definitions.HomePageRunnerTest -->
