<?xml version="1.0" encoding="UTF-8"?>
<!-- Generated by org.testng.reporters.JUnitReportReporter -->
<testsuite hostname="TRANTOR114" name="step_definitions.LoginSignUpRunnerTest" tests="1" failures="0" timestamp="24 May 2019 10:13:32 GMT" time="166.935" errors="0">
  <testcase name="feature" time="166.935" classname="step_definitions.LoginSignUpRunnerTest"/>
</testsuite> <!-- step_definitions.LoginSignUpRunnerTest -->
