<?xml version="1.0" encoding="UTF-8"?>
<!-- Generated by org.testng.reporters.JUnitReportReporter -->
<testsuite hostname="TRANTOR114" name="step_definitions.Poland_PTP_RunnerTest" tests="1" failures="0" timestamp="22 May 2019 13:12:02 GMT" time="108.959" errors="0">
  <testcase name="feature" time="108.959" classname="step_definitions.Poland_PTP_RunnerTest"/>
</testsuite> <!-- step_definitions.Poland_PTP_RunnerTest -->
