<?xml version="1.0" encoding="UTF-8"?>
<!-- Generated by org.testng.reporters.JUnitReportReporter -->
<testsuite hostname="TRANTOR114" name="step_definitions.UKP1RunnerTest" tests="1" failures="0" timestamp="22 May 2019 06:12:04 GMT" time="136.269" errors="0">
  <testcase name="feature" time="136.269" classname="step_definitions.UKP1RunnerTest"/>
</testsuite> <!-- step_definitions.UKP1RunnerTest -->
