<?xml version="1.0" encoding="UTF-8"?>
<!-- Generated by org.testng.reporters.JUnitReportReporter -->
<testsuite hostname="TRANTOR114" name="step_definitions.German_PTP_RunnerTest" tests="1" failures="0" timestamp="21 May 2019 12:54:03 GMT" time="122.963" errors="0">
  <testcase name="feature" time="122.963" classname="step_definitions.German_PTP_RunnerTest"/>
</testsuite> <!-- step_definitions.German_PTP_RunnerTest -->
