<?xml version="1.0" encoding="UTF-8"?>
<!-- Generated by org.testng.reporters.JUnitReportReporter -->
<testsuite hostname="TRANTOR114" name="step_definitions.PackagingLocationRunnerTest" tests="1" failures="0" timestamp="24 May 2019 10:11:28 GMT" time="241.445" errors="0">
  <testcase name="feature" time="241.445" classname="step_definitions.PackagingLocationRunnerTest"/>
</testsuite> <!-- step_definitions.PackagingLocationRunnerTest -->
