<?xml version="1.0" encoding="UTF-8"?>
<!-- Generated by org.testng.reporters.JUnitReportReporter -->
<testsuite hostname="TRANTOR114" name="step_definitions.MyAccountRunnerTest" tests="1" failures="0" timestamp="24 May 2019 11:01:36 GMT" time="847.052" errors="0">
  <testcase name="feature" time="847.052" classname="step_definitions.MyAccountRunnerTest"/>
</testsuite> <!-- step_definitions.MyAccountRunnerTest -->
