<?xml version="1.0" encoding="UTF-8"?>
<!-- Generated by org.testng.reporters.JUnitReportReporter -->
<testsuite hostname="TRANTOR114" name="step_definitions.German_PTP_RunnerTest" tests="1" failures="0" timestamp="19 Jun 2019 11:27:21 GMT" time="137.357" errors="0">
  <testcase name="feature" time="137.357" classname="step_definitions.German_PTP_RunnerTest"/>
</testsuite> <!-- step_definitions.German_PTP_RunnerTest -->
