<?xml version="1.0" encoding="UTF-8"?>
<!-- Generated by org.testng.reporters.JUnitReportReporter -->
<testsuite hostname="TRANTOR114" name="step_definitions.HomePageRunnerTest" tests="1" failures="0" timestamp="14 May 2019 14:06:32 GMT" time="84.411" errors="0">
  <testcase name="feature" time="84.411" classname="step_definitions.HomePageRunnerTest"/>
</testsuite> <!-- step_definitions.HomePageRunnerTest -->
