<?xml version="1.0" encoding="UTF-8"?>
<!-- Generated by org.testng.reporters.JUnitReportReporter -->
<testsuite hostname="TRANTOR114" name="step_definitions.FluidPageRunnerTest" tests="1" failures="0" timestamp="12 May 2019 15:58:48 GMT" time="70.850" errors="0">
  <testcase name="feature" time="70.850" classname="step_definitions.FluidPageRunnerTest"/>
</testsuite> <!-- step_definitions.FluidPageRunnerTest -->
