<?xml version="1.0" encoding="UTF-8"?>
<!-- Generated by org.testng.reporters.JUnitReportReporter -->
<testsuite hostname="TRANTOR114" name="step_definitions.OrderConfimationTest" tests="1" failures="0" timestamp="8 May 2019 11:45:21 GMT" time="156.072" errors="0">
  <testcase name="feature" time="156.072" classname="step_definitions.OrderConfimationTest"/>
</testsuite> <!-- step_definitions.OrderConfimationTest -->
